INFO:     Started server process [10264]
INFO:     Waiting for application startup.
INFO:     Application startup complete.
ERROR:    [Errno 10048] error while attempting to bind on address ('0.0.0.0', 8000): only one usage of each socket address (protocol/network address/port) is normally permitted
INFO:     Waiting for application shutdown.
INFO:     Application shutdown complete.
Task exception was never retrieved
future: <Task finished name='Task-1' coro=<Server.serve() done, defined at C:\Users\hamza\AppData\Roaming\Python\Python311\site-packages\uvicorn\server.py:77> exception=SystemExit(1)>
Traceback (most recent call last):
  File "C:\Users\hamza\AppData\Roaming\Python\Python311\site-packages\uvicorn\server.py", line 172, in startup
    server = await loop.create_server(
             ^^^^^^^^^^^^^^^^^^^^^^^^^
  File "C:\Program Files\Python311\Lib\asyncio\base_events.py", line 1536, in create_server
    raise OSError(err.errno, msg) from None
OSError: [Errno 10048] error while attempting to bind on address ('0.0.0.0', 8000): only one usage of each socket address (protocol/network address/port) is normally permitted

During handling of the above exception, another exception occurred:

Traceback (most recent call last):
  File "C:\Users\hamza\AppData\Roaming\Python\Python311\site-packages\uvicorn\main.py", line 606, in run
    server.run()
  File "C:\Users\hamza\AppData\Roaming\Python\Python311\site-packages\uvicorn\server.py", line 75, in run
    return asyncio_run(self.serve(sockets=sockets), loop_factory=self.config.get_loop_factory())
           ^^^^^^^^^^^^^^^^^^^^^^^^^^^^^^^^^^^^^^^^^^^^^^^^^^^^^^^^^^^^^^^^^^^^^^^^^^^^^^^^^^^^^
  File "C:\Users\hamza\AppData\Roaming\Python\Python311\site-packages\uvicorn\_compat.py", line 30, in asyncio_run
    return runner.run(main)
           ^^^^^^^^^^^^^^^^
  File "C:\Program Files\Python311\Lib\asyncio\runners.py", line 118, in run
    return self._loop.run_until_complete(task)
           ^^^^^^^^^^^^^^^^^^^^^^^^^^^^^^^^^^^
  File "C:\Users\hamza\AppData\Roaming\Python\Python311\site-packages\nest_asyncio.py", line 92, in run_until_complete
    self._run_once()
  File "C:\Users\hamza\AppData\Roaming\Python\Python311\site-packages\nest_asyncio.py", line 133, in _run_once
    handle._run()
  File "C:\Program Files\Python311\Lib\asyncio\events.py", line 84, in _run
    self._context.run(self._callback, *self._args)
  File "C:\Program Files\Python311\Lib\asyncio\tasks.py", line 360, in __wakeup
    self.__step()
  File "C:\Program Files\Python311\Lib\asyncio\tasks.py", line 277, in __step
    result = coro.send(None)
             ^^^^^^^^^^^^^^^
  File "C:\Users\hamza\AppData\Roaming\Python\Python311\site-packages\uvicorn\server.py", line 79, in serve
    await self._serve(sockets)
  File "C:\Users\hamza\AppData\Roaming\Python\Python311\site-packages\uvicorn\server.py", line 94, in _serve
    await self.startup(sockets=sockets)
  File "C:\Users\hamza\AppData\Roaming\Python\Python311\site-packages\uvicorn\server.py", line 182, in startup
    sys.exit(1)
SystemExit: 1
